<?xml version="1.0" encoding="UTF-8"?>
<!-- Generated by org.testng.reporters.JUnitXMLReporter -->
<testsuite ignored="0" hostname="QT-INBG-LT2007" failures="0" tests="2" name="Error Validation Test" time="17.463" errors="0" timestamp="2022-10-19T12:35:24 IST">
  <testcase classname="HybridFramework.SeleniumFrameworkDesign.ErrorValidation" name="LoginErrorValidationTest" time="0.503"/>
  <testcase classname="HybridFramework.SeleniumFrameworkDesign.ErrorValidation" name="ProductValidationCheck" time="9.686"/>
</testsuite> <!-- Error Validation Test -->
