<?xml version="1.0" encoding="UTF-8"?>
<!-- Generated by org.testng.reporters.JUnitXMLReporter -->
<testsuite ignored="0" hostname="QT-INBG-LT2007" failures="0" tests="3" name="SubmitOrder Test" time="31.361" errors="0" timestamp="2022-10-19T12:35:38 IST">
  <testcase classname="HybridFramework.SeleniumFrameworkDesign.SubmitOrder" name="CartValidationCheck" time="0.66"/>
  <testcase classname="HybridFramework.SeleniumFrameworkDesign.SubmitOrder" name="SubmitOrderTest" time="10.44"/>
  <testcase classname="HybridFramework.SeleniumFrameworkDesign.SubmitOrder" name="SubmitOrderTest" time="10.508"/>
</testsuite> <!-- SubmitOrder Test -->
